<?xml version="1.0" encoding="UTF-8"?>
<testsuites>
	<testsuite failures="2" name="betterleaks" tests="2" time="">
		<testcase classname="Test Rule" file="auth.py" name="test-rule has detected a secret in file auth.py, line 1, at commit 0000000000000000." time="">
			<failure message="test-rule has detected a secret in file auth.py, line 1, at commit 0000000000000000." type="Test Rule">{&#xA;&#x9;&#34;RuleID&#34;: &#34;test-rule&#34;,&#xA;&#x9;&#34;Description&#34;: &#34;Test Rule&#34;,&#xA;&#x9;&#34;StartLine&#34;: 1,&#xA;&#x9;&#34;EndLine&#34;: 2,&#xA;&#x9;&#34;StartColumn&#34;: 1,&#xA;&#x9;&#34;EndColumn&#34;: 2,&#xA;&#x9;&#34;Match&#34;: &#34;line containing secret&#34;,&#xA;&#x9;&#34;Secret&#34;: &#34;a secret&#34;,&#xA;&#x9;&#34;Attributes&#34;: {&#xA;&#x9;&#x9;&#34;git.author_email&#34;: &#34;johndoe@gmail.com&#34;,&#xA;&#x9;&#x9;&#34;git.author_name&#34;: &#34;John Doe&#34;,&#xA;&#x9;&#x9;&#34;git.date&#34;: &#34;10-19-2003&#34;,&#xA;&#x9;&#x9;&#34;git.message&#34;: &#34;opps&#34;,&#xA;&#x9;&#x9;&#34;git.sha&#34;: &#34;0000000000000000&#34;,&#xA;&#x9;&#x9;&#34;path&#34;: &#34;auth.py&#34;&#xA;&#x9;},&#xA;&#x9;&#34;Tags&#34;: [],&#xA;&#x9;&#34;Fingerprint&#34;: &#34;&#34;&#xA;}</failure>
		</testcase>
		<testcase classname="Test Rule" file="auth.py" name="test-rule has detected a secret in file auth.py, line 2." time="">
			<failure message="test-rule has detected a secret in file auth.py, line 2." type="Test Rule">{&#xA;&#x9;&#34;RuleID&#34;: &#34;test-rule&#34;,&#xA;&#x9;&#34;Description&#34;: &#34;Test Rule&#34;,&#xA;&#x9;&#34;StartLine&#34;: 2,&#xA;&#x9;&#34;EndLine&#34;: 3,&#xA;&#x9;&#34;StartColumn&#34;: 1,&#xA;&#x9;&#34;EndColumn&#34;: 2,&#xA;&#x9;&#34;Match&#34;: &#34;line containing secret&#34;,&#xA;&#x9;&#34;Secret&#34;: &#34;a secret&#34;,&#xA;&#x9;&#34;Attributes&#34;: {&#xA;&#x9;&#x9;&#34;path&#34;: &#34;auth.py&#34;&#xA;&#x9;},&#xA;&#x9;&#34;Tags&#34;: [],&#xA;&#x9;&#34;Fingerprint&#34;: &#34;&#34;&#xA;}</failure>
		</testcase>
	</testsuite>
</testsuites>
